<component name="libraryTable">
  <library name="junit-4.12">
    <CLASSES>
      <root url="jar://$PROJECT_DIR$/../Lab5/PA1417-Lab5/tests/junit-4.12.jar!/" />
      <root url="jar://$PROJECT_DIR$/../Lab5/PA1417-Lab5/tests/hamcrest-core-1.3.jar!/" />
    </CLASSES>
    <JAVADOC />
    <SOURCES />
  </library>
</component>